  [1m[35m (0.7ms)[0m  [1m[34mSELECT sqlite_version(*)[0m
  ↳ bin/rails:9
  [1m[35m (2.2ms)[0m  [1m[35mCREATE TABLE "schema_migrations" ("version" varchar NOT NULL PRIMARY KEY)[0m
  ↳ bin/rails:9
  [1m[35m (0.7ms)[0m  [1m[35mCREATE TABLE "ar_internal_metadata" ("key" varchar NOT NULL PRIMARY KEY, "value" varchar, "created_at" datetime NOT NULL, "updated_at" datetime NOT NULL)[0m
  ↳ bin/rails:9
  [1m[35m (0.2ms)[0m  [1m[34mSELECT "schema_migrations"."version" FROM "schema_migrations" ORDER BY "schema_migrations"."version" ASC[0m
  ↳ bin/rails:9
Migrating to DeviseCreateUsers (20200715205342)
  [1m[35m (0.1ms)[0m  [1m[36mbegin transaction[0m
  ↳ bin/rails:9
  [1m[35m (0.8ms)[0m  [1m[35mCREATE TABLE "users" ("id" integer PRIMARY KEY AUTOINCREMENT NOT NULL, "email" varchar DEFAULT '' NOT NULL, "encrypted_password" varchar DEFAULT '' NOT NULL, "reset_password_token" varchar, "reset_password_sent_at" datetime, "remember_created_at" datetime, "created_at" datetime NOT NULL, "updated_at" datetime NOT NULL)[0m
  ↳ db/migrate/20200715205342_devise_create_users.rb:5
  [1m[35m (0.2ms)[0m  [1m[35mCREATE UNIQUE INDEX "index_users_on_email" ON "users" ("email")[0m
  ↳ db/migrate/20200715205342_devise_create_users.rb:39
  [1m[35m (0.2ms)[0m  [1m[35mCREATE UNIQUE INDEX "index_users_on_reset_password_token" ON "users" ("reset_password_token")[0m
  ↳ db/migrate/20200715205342_devise_create_users.rb:40
  [1m[36mActiveRecord::SchemaMigration Create (0.3ms)[0m  [1m[32mINSERT INTO "schema_migrations" ("version") VALUES (?)[0m  [["version", "20200715205342"]]
  ↳ bin/rails:9
  [1m[35m (1.3ms)[0m  [1m[36mcommit transaction[0m
  ↳ bin/rails:9
Migrating to DeviseCreatePosts (20200715205441)
  [1m[35m (0.4ms)[0m  [1m[36mbegin transaction[0m
  ↳ bin/rails:9
  [1m[35m (0.6ms)[0m  [1m[35mCREATE TABLE "posts" ("id" integer PRIMARY KEY AUTOINCREMENT NOT NULL, "email" varchar DEFAULT '' NOT NULL, "encrypted_password" varchar DEFAULT '' NOT NULL, "reset_password_token" varchar, "reset_password_sent_at" datetime, "remember_created_at" datetime, "created_at" datetime NOT NULL, "updated_at" datetime NOT NULL)[0m
  ↳ db/migrate/20200715205441_devise_create_posts.rb:5
  [1m[35m (0.3ms)[0m  [1m[35mCREATE UNIQUE INDEX "index_posts_on_email" ON "posts" ("email")[0m
  ↳ db/migrate/20200715205441_devise_create_posts.rb:39
  [1m[35m (0.3ms)[0m  [1m[35mCREATE UNIQUE INDEX "index_posts_on_reset_password_token" ON "posts" ("reset_password_token")[0m
  ↳ db/migrate/20200715205441_devise_create_posts.rb:40
  [1m[36mActiveRecord::SchemaMigration Create (0.3ms)[0m  [1m[32mINSERT INTO "schema_migrations" ("version") VALUES (?)[0m  [["version", "20200715205441"]]
  ↳ bin/rails:9
  [1m[35m (2.3ms)[0m  [1m[36mcommit transaction[0m
  ↳ bin/rails:9
  [1m[36mActiveRecord::InternalMetadata Load (0.5ms)[0m  [1m[34mSELECT  "ar_internal_metadata".* FROM "ar_internal_metadata" WHERE "ar_internal_metadata"."key" = ? LIMIT ?[0m  [["key", "environment"], ["LIMIT", 1]]
  ↳ bin/rails:9
  [1m[35m (0.1ms)[0m  [1m[36mbegin transaction[0m
  ↳ bin/rails:9
  [1m[36mActiveRecord::InternalMetadata Create (0.3ms)[0m  [1m[32mINSERT INTO "ar_internal_metadata" ("key", "value", "created_at", "updated_at") VALUES (?, ?, ?, ?)[0m  [["key", "environment"], ["value", "development"], ["created_at", "2020-07-15 20:55:03.696950"], ["updated_at", "2020-07-15 20:55:03.696950"]]
  ↳ bin/rails:9
  [1m[35m (25.6ms)[0m  [1m[36mcommit transaction[0m
  ↳ bin/rails:9
  [1m[35m (0.1ms)[0m  [1m[34mSELECT "schema_migrations"."version" FROM "schema_migrations" ORDER BY "schema_migrations"."version" ASC[0m
  ↳ bin/rails:9
  [1m[35m (0.4ms)[0m  [1m[34mSELECT "schema_migrations"."version" FROM "schema_migrations" ORDER BY "schema_migrations"."version" ASC[0m
  ↳ bin/rails:9
  [1m[36mActiveRecord::InternalMetadata Load (0.6ms)[0m  [1m[34mSELECT  "ar_internal_metadata".* FROM "ar_internal_metadata" WHERE "ar_internal_metadata"."key" = ? LIMIT ?[0m  [["key", "environment"], ["LIMIT", 1]]
  ↳ bin/rails:9
  [1m[35m (0.1ms)[0m  [1m[36mbegin transaction[0m
  ↳ bin/rails:9
  [1m[35m (0.0ms)[0m  [1m[36mcommit transaction[0m
  ↳ bin/rails:9
  [1m[35m (0.1ms)[0m  [1m[34mSELECT "schema_migrations"."version" FROM "schema_migrations" ORDER BY "schema_migrations"."version" ASC[0m
  ↳ bin/rails:9
Started GET "/" for ::1 at 2020-07-16 00:25:16 +0200
  [1m[35m (0.4ms)[0m  [1m[34mSELECT "schema_migrations"."version" FROM "schema_migrations" ORDER BY "schema_migrations"."version" ASC[0m
  ↳ /Users/apple/.rbenv/versions/2.6.5/lib/ruby/gems/2.6.0/gems/activerecord-5.2.4.3/lib/active_record/log_subscriber.rb:98
Processing by Rails::WelcomeController#index as HTML
  Rendering /Users/apple/.rbenv/versions/2.6.5/lib/ruby/gems/2.6.0/gems/railties-5.2.4.3/lib/rails/templates/rails/welcome/index.html.erb
  Rendered /Users/apple/.rbenv/versions/2.6.5/lib/ruby/gems/2.6.0/gems/railties-5.2.4.3/lib/rails/templates/rails/welcome/index.html.erb (8.4ms)
Completed 200 OK in 24ms (Views: 17.1ms | ActiveRecord: 0.0ms)


Started GET "/posts" for ::1 at 2020-07-16 00:25:24 +0200
Processing by PostsController#index as HTML
  Rendering posts/index.html.erb within layouts/application
  [1m[36mPost Load (0.4ms)[0m  [1m[34mSELECT "posts".* FROM "posts"[0m
  ↳ app/views/posts/index.html.erb:14
  Rendered posts/index.html.erb within layouts/application (2.6ms)
Completed 200 OK in 373ms (Views: 368.8ms | ActiveRecord: 0.7ms)


Started GET "/posts/new" for ::1 at 2020-07-16 00:25:33 +0200
Processing by PostsController#new as HTML
  Rendering posts/new.html.erb within layouts/application
  Rendered posts/_form.html.erb (1456.7ms)
  Rendered posts/new.html.erb within layouts/application (1458.9ms)
Completed 500 Internal Server Error in 1481ms (ActiveRecord: 1.0ms)


  
ActionView::Template::Error (undefined method `body' for #<Post id: nil, email: "", created_at: nil, updated_at: nil>):
    3:   <%= f.error_notification message: f.object.errors[:base].to_sentence if f.object.errors[:base].present? %>
    4: 
    5:   <div class="form-inputs">
    6:     <%= f.input :body %>
    7:   </div>
    8: 
    9:   <div class="form-actions">
  
app/views/posts/_form.html.erb:6:in `block in _app_views_posts__form_html_erb__3843402410908918370_70175731635760'
app/views/posts/_form.html.erb:1:in `_app_views_posts__form_html_erb__3843402410908918370_70175731635760'
app/views/posts/new.html.erb:3:in `_app_views_posts_new_html_erb__3746519741846602274_70175731455000'
  [1m[35m (0.4ms)[0m  [1m[34mSELECT "schema_migrations"."version" FROM "schema_migrations" ORDER BY "schema_migrations"."version" ASC[0m
  ↳ bin/rails:9
  [1m[36mActiveRecord::InternalMetadata Load (0.6ms)[0m  [1m[34mSELECT  "ar_internal_metadata".* FROM "ar_internal_metadata" WHERE "ar_internal_metadata"."key" = ? LIMIT ?[0m  [["key", "environment"], ["LIMIT", 1]]
  ↳ bin/rails:9
  [1m[35m (0.1ms)[0m  [1m[36mbegin transaction[0m
  ↳ bin/rails:9
  [1m[35m (0.0ms)[0m  [1m[36mcommit transaction[0m
  ↳ bin/rails:9
  [1m[35m (0.1ms)[0m  [1m[34mSELECT "schema_migrations"."version" FROM "schema_migrations" ORDER BY "schema_migrations"."version" ASC[0m
  ↳ bin/rails:9
Started GET "/posts/" for ::1 at 2020-07-16 00:35:47 +0200
Processing by PostsController#index as HTML
  Rendering posts/index.html.erb within layouts/application
  [1m[36mPost Load (0.9ms)[0m  [1m[34mSELECT "posts".* FROM "posts"[0m
  ↳ app/views/posts/index.html.erb:14
  Rendered posts/index.html.erb within layouts/application (3.5ms)
Completed 200 OK in 28ms (Views: 25.7ms | ActiveRecord: 1.2ms)


  [1m[35m (0.4ms)[0m  [1m[34mSELECT "schema_migrations"."version" FROM "schema_migrations" ORDER BY "schema_migrations"."version" ASC[0m
  ↳ bin/rake:9
Migrating to CreatePosts (20200716173146)
  [1m[35m (0.1ms)[0m  [1m[36mbegin transaction[0m
  ↳ bin/rake:9
  [1m[35m (0.1ms)[0m  [1m[34mSELECT sqlite_version(*)[0m
  ↳ db/migrate/20200716173146_create_posts.rb:3
  [1m[35m (0.7ms)[0m  [1m[35mCREATE TABLE "posts" ("id" integer PRIMARY KEY AUTOINCREMENT NOT NULL, "body" text, "created_at" datetime NOT NULL, "updated_at" datetime NOT NULL)[0m
  ↳ db/migrate/20200716173146_create_posts.rb:3
  [1m[35m (0.1ms)[0m  [1m[31mrollback transaction[0m
  ↳ bin/rake:9
  [1m[35m (0.2ms)[0m  [1m[34mSELECT "schema_migrations"."version" FROM "schema_migrations" ORDER BY "schema_migrations"."version" ASC[0m
  ↳ bin/rake:9
Migrating to CreatePosts (20200716173146)
  [1m[35m (0.1ms)[0m  [1m[36mbegin transaction[0m
  ↳ bin/rake:9
  [1m[35m (0.1ms)[0m  [1m[34mSELECT sqlite_version(*)[0m
  ↳ db/migrate/20200716173146_create_posts.rb:3
  [1m[35m (0.7ms)[0m  [1m[35mCREATE TABLE "posts" ("id" integer PRIMARY KEY AUTOINCREMENT NOT NULL, "body" text, "created_at" datetime NOT NULL, "updated_at" datetime NOT NULL)[0m
  ↳ db/migrate/20200716173146_create_posts.rb:3
  [1m[35m (0.1ms)[0m  [1m[31mrollback transaction[0m
  ↳ bin/rake:9
  [1m[35m (0.4ms)[0m  [1m[34mSELECT "schema_migrations"."version" FROM "schema_migrations" ORDER BY "schema_migrations"."version" ASC[0m
  ↳ /Users/apple/.rbenv/versions/2.6.5/bin/rake:23
  [1m[35m (0.6ms)[0m  [1m[34mSELECT "ar_internal_metadata"."value" FROM "ar_internal_metadata" WHERE "ar_internal_metadata"."key" = ?[0m  [["key", "environment"]]
  ↳ /Users/apple/.rbenv/versions/2.6.5/bin/rake:23
  [1m[35m (0.1ms)[0m  [1m[34mSELECT "schema_migrations"."version" FROM "schema_migrations" ORDER BY "schema_migrations"."version" ASC[0m
  ↳ /Users/apple/.rbenv/versions/2.6.5/bin/rake:23
  [1m[35m (0.1ms)[0m  [1m[34mSELECT "ar_internal_metadata"."value" FROM "ar_internal_metadata" WHERE "ar_internal_metadata"."key" = ?[0m  [["key", "environment"]]
  ↳ /Users/apple/.rbenv/versions/2.6.5/bin/rake:23
  [1m[35m (0.1ms)[0m  [1m[34mSELECT "schema_migrations"."version" FROM "schema_migrations" ORDER BY "schema_migrations"."version" ASC[0m
  ↳ /Users/apple/.rbenv/versions/2.6.5/bin/rake:23
  [1m[35m (0.1ms)[0m  [1m[34mSELECT "ar_internal_metadata"."value" FROM "ar_internal_metadata" WHERE "ar_internal_metadata"."key" = ?[0m  [["key", "environment"]]
  ↳ /Users/apple/.rbenv/versions/2.6.5/bin/rake:23
  [1m[35m (0.1ms)[0m  [1m[34mSELECT sqlite_version(*)[0m
  ↳ bin/rake:9
  [1m[35m (2.4ms)[0m  [1m[35mCREATE TABLE "schema_migrations" ("version" varchar NOT NULL PRIMARY KEY)[0m
  ↳ bin/rake:9
  [1m[35m (0.8ms)[0m  [1m[35mCREATE TABLE "ar_internal_metadata" ("key" varchar NOT NULL PRIMARY KEY, "value" varchar, "created_at" datetime NOT NULL, "updated_at" datetime NOT NULL)[0m
  ↳ bin/rake:9
  [1m[35m (0.2ms)[0m  [1m[34mSELECT "schema_migrations"."version" FROM "schema_migrations" ORDER BY "schema_migrations"."version" ASC[0m
  ↳ bin/rake:9
Migrating to CreatePosts (20200716173146)
  [1m[35m (0.1ms)[0m  [1m[36mbegin transaction[0m
  ↳ bin/rake:9
  [1m[35m (0.4ms)[0m  [1m[35mCREATE TABLE "posts" ("id" integer PRIMARY KEY AUTOINCREMENT NOT NULL, "body" text, "created_at" datetime NOT NULL, "updated_at" datetime NOT NULL)[0m
  ↳ db/migrate/20200716173146_create_posts.rb:3
  [1m[36mActiveRecord::SchemaMigration Create (0.2ms)[0m  [1m[32mINSERT INTO "schema_migrations" ("version") VALUES (?)[0m  [["version", "20200716173146"]]
  ↳ bin/rake:9
  [1m[35m (0.5ms)[0m  [1m[36mcommit transaction[0m
  ↳ bin/rake:9
  [1m[36mActiveRecord::InternalMetadata Load (0.2ms)[0m  [1m[34mSELECT  "ar_internal_metadata".* FROM "ar_internal_metadata" WHERE "ar_internal_metadata"."key" = ? LIMIT ?[0m  [["key", "environment"], ["LIMIT", 1]]
  ↳ bin/rake:9
  [1m[35m (0.1ms)[0m  [1m[36mbegin transaction[0m
  ↳ bin/rake:9
  [1m[36mActiveRecord::InternalMetadata Create (2.8ms)[0m  [1m[32mINSERT INTO "ar_internal_metadata" ("key", "value", "created_at", "updated_at") VALUES (?, ?, ?, ?)[0m  [["key", "environment"], ["value", "development"], ["created_at", "2020-07-16 18:10:05.095093"], ["updated_at", "2020-07-16 18:10:05.095093"]]
  ↳ bin/rake:9
  [1m[35m (0.7ms)[0m  [1m[36mcommit transaction[0m
  ↳ bin/rake:9
  [1m[35m (0.1ms)[0m  [1m[34mSELECT "schema_migrations"."version" FROM "schema_migrations" ORDER BY "schema_migrations"."version" ASC[0m
  ↳ bin/rake:9
Started GET "/posts/new" for ::1 at 2020-07-16 20:14:18 +0200
  [1m[35m (0.4ms)[0m  [1m[34mSELECT "schema_migrations"."version" FROM "schema_migrations" ORDER BY "schema_migrations"."version" ASC[0m
  ↳ /Users/apple/.rbenv/versions/2.6.5/lib/ruby/gems/2.6.0/gems/activerecord-5.2.4.3/lib/active_record/log_subscriber.rb:98
Processing by PostsController#new as HTML
  Rendering posts/new.html.erb within layouts/application
  Rendered posts/_form.html.erb (268.3ms)
  Rendered posts/new.html.erb within layouts/application (270.9ms)
Completed 200 OK in 573ms (Views: 530.7ms | ActiveRecord: 0.7ms)


Started GET "/posts/" for ::1 at 2020-07-16 20:14:24 +0200
Processing by PostsController#index as HTML
  Rendering posts/index.html.erb within layouts/application
  [1m[36mPost Load (0.4ms)[0m  [1m[34mSELECT "posts".* FROM "posts"[0m
  ↳ app/views/posts/index.html.erb:14
  Rendered posts/index.html.erb within layouts/application (1.7ms)
Completed 200 OK in 16ms (Views: 14.1ms | ActiveRecord: 0.4ms)


Started GET "/posts/new" for ::1 at 2020-07-16 20:14:27 +0200
Processing by PostsController#new as HTML
  Rendering posts/new.html.erb within layouts/application
  Rendered posts/_form.html.erb (6.2ms)
  Rendered posts/new.html.erb within layouts/application (8.0ms)
Completed 200 OK in 34ms (Views: 32.8ms | ActiveRecord: 0.0ms)


Started POST "/posts" for ::1 at 2020-07-16 20:14:36 +0200
Processing by PostsController#create as HTML
  Parameters: {"utf8"=>"✓", "authenticity_token"=>"+CqXvVFKViyiUdxcbrHgJWuhrMRDm0+2iAz7e+94GAUqxjoWYtHsocQqzU5e859Q97K4FsmSQDO6XlYJseM1HQ==", "post"=>{"body"=>"amag"}, "commit"=>"Create Post"}
  [1m[35m (0.1ms)[0m  [1m[36mbegin transaction[0m
  ↳ app/controllers/posts_controller.rb:28
  [1m[36mPost Create (0.7ms)[0m  [1m[32mINSERT INTO "posts" ("body", "created_at", "updated_at") VALUES (?, ?, ?)[0m  [["body", "amag"], ["created_at", "2020-07-16 18:14:36.876265"], ["updated_at", "2020-07-16 18:14:36.876265"]]
  ↳ app/controllers/posts_controller.rb:28
  [1m[35m (0.5ms)[0m  [1m[36mcommit transaction[0m
  ↳ app/controllers/posts_controller.rb:28
Redirected to http://localhost:3000/posts/1
Completed 302 Found in 6ms (ActiveRecord: 1.3ms)


Started GET "/posts/1" for ::1 at 2020-07-16 20:14:36 +0200
Processing by PostsController#show as HTML
  Parameters: {"id"=>"1"}
  [1m[36mPost Load (0.3ms)[0m  [1m[34mSELECT  "posts".* FROM "posts" WHERE "posts"."id" = ? LIMIT ?[0m  [["id", 1], ["LIMIT", 1]]
  ↳ app/controllers/posts_controller.rb:66
  Rendering posts/show.html.erb within layouts/application
  Rendered posts/show.html.erb within layouts/application (1.5ms)
Completed 200 OK in 34ms (Views: 21.3ms | ActiveRecord: 0.3ms)


Started GET "/posts/1/edit" for ::1 at 2020-07-16 20:14:39 +0200
Processing by PostsController#edit as HTML
  Parameters: {"id"=>"1"}
  [1m[36mPost Load (0.2ms)[0m  [1m[34mSELECT  "posts".* FROM "posts" WHERE "posts"."id" = ? LIMIT ?[0m  [["id", 1], ["LIMIT", 1]]
  ↳ app/controllers/posts_controller.rb:66
  Rendering posts/edit.html.erb within layouts/application
  Rendered posts/_form.html.erb (7.0ms)
  Rendered posts/edit.html.erb within layouts/application (9.7ms)
Completed 200 OK in 43ms (Views: 39.7ms | ActiveRecord: 0.2ms)


Started GET "/posts" for ::1 at 2020-07-16 20:14:41 +0200
Processing by PostsController#index as HTML
  Rendering posts/index.html.erb within layouts/application
  [1m[36mPost Load (0.2ms)[0m  [1m[34mSELECT "posts".* FROM "posts"[0m
  ↳ app/views/posts/index.html.erb:14
  Rendered posts/index.html.erb within layouts/application (2.4ms)
Completed 200 OK in 33ms (Views: 31.2ms | ActiveRecord: 0.2ms)


Started GET "/" for ::1 at 2020-07-16 20:14:51 +0200
Processing by Rails::WelcomeController#index as HTML
  Rendering /Users/apple/.rbenv/versions/2.6.5/lib/ruby/gems/2.6.0/gems/railties-5.2.4.3/lib/rails/templates/rails/welcome/index.html.erb
  Rendered /Users/apple/.rbenv/versions/2.6.5/lib/ruby/gems/2.6.0/gems/railties-5.2.4.3/lib/rails/templates/rails/welcome/index.html.erb (2.2ms)
Completed 200 OK in 6ms (Views: 3.5ms | ActiveRecord: 0.0ms)


